[01m[K/home/mivia/EserciziRobotica/Robotica/WS_CONTROLLER_SENSORS/src/controller_sensors/sensors/sensors.cpp:22:67:[m[K [01;31m[Kerror: [m[Kmacro "ROS_INFO_STREAM" passed 3 arguments, but takes just 1
         ROS_INFO_STREAM("info dal sensore [%d]: [%d]",i,sensors[i][01;31m[K)[m[K;
                                                                   [01;31m[K^[m[K
[01m[K/home/mivia/EserciziRobotica/Robotica/WS_CONTROLLER_SENSORS/src/controller_sensors/sensors/sensors.cpp:[m[K In function â€˜[01m[Kint main(int, char**)[m[Kâ€™:
[01m[K/home/mivia/EserciziRobotica/Robotica/WS_CONTROLLER_SENSORS/src/controller_sensors/sensors/sensors.cpp:22:9:[m[K [01;31m[Kerror: [m[Kâ€˜[01m[KROS_INFO_STREAM[m[Kâ€™ was not declared in this scope
         [01;31m[KROS_INFO_STREAM[m[K("info dal sensore [%d]: [%d]",i,sensors[i]);
         [01;31m[K^~~~~~~~~~~~~~~[m[K
make[2]: *** [CMakeFiles/sensors.dir/sensors/sensors.cpp.o] Error 1
make[1]: *** [CMakeFiles/sensors.dir/all] Error 2
make: *** [all] Error 2
