[  0%] Built target std_msgs_generate_messages_cpp
[  0%] Built target _controller_sensors_generate_messages_check_deps_InfoData
[  0%] Built target std_msgs_generate_messages_py
[  0%] Built target std_msgs_generate_messages_eus
[  0%] Built target std_msgs_generate_messages_lisp
[  0%] Built target std_msgs_generate_messages_nodejs
[  9%] Built target controller_sensors_generate_messages_cpp
[ 27%] Built target controller_sensors_generate_messages_py
[ 45%] Built target controller_sensors_generate_messages_eus
[ 54%] Built target controller_sensors_generate_messages_lisp
[ 63%] Built target controller_sensors_generate_messages_nodejs
[35m[1mScanning dependencies of target sensors[0m
[ 72%] [32mBuilding CXX object CMakeFiles/sensors.dir/sensors/sensors.cpp.o[0m
[01m[K/home/mivia/EserciziRobotica/Robotica/WS_CONTROLLER_SENSORS/src/controller_sensors/sensors/sensors.cpp:2:10:[m[K [01;31m[Kfatal error: [m[Kchrono.h: No such file or directory
 #include [01;31m[K<chrono.h>[m[K
          [01;31m[K^~~~~~~~~~[m[K
compilation terminated.
CMakeFiles/sensors.dir/build.make:62: recipe for target 'CMakeFiles/sensors.dir/sensors/sensors.cpp.o' failed
CMakeFiles/Makefile2:1142: recipe for target 'CMakeFiles/sensors.dir/all' failed
Makefile:140: recipe for target 'all' failed
make[2]: *** [CMakeFiles/sensors.dir/sensors/sensors.cpp.o] Error 1
make[1]: *** [CMakeFiles/sensors.dir/all] Error 2
make: *** [all] Error 2
