CMakeFiles/sensors.dir/sensors/sensors.cpp.o: In function `main':
sensors.cpp:(.text+0x72): undefined reference to `ros::init(int&, char**, std::__cxx11::basic_string<char, std::char_traits<char>, std::allocator<char> > const&, unsigned int)'
sensors.cpp:(.text+0x104): undefined reference to `ros::NodeHandle::NodeHandle(std::__cxx11::basic_string<char, std::char_traits<char>, std::allocator<char> > const&, std::map<std::__cxx11::basic_string<char, std::char_traits<char>, std::allocator<char> >, std::__cxx11::basic_string<char, std::char_traits<char>, std::allocator<char> >, std::less<std::__cxx11::basic_string<char, std::char_traits<char>, std::allocator<char> > >, std::allocator<std::pair<std::__cxx11::basic_string<char, std::char_traits<char>, std::allocator<char> > const, std::__cxx11::basic_string<char, std::char_traits<char>, std::allocator<char> > > > > const&)'
sensors.cpp:(.text+0x1b4): undefined reference to `ros::ok()'
sensors.cpp:(.text+0x1c3): undefined reference to `ros::console::g_initialized'
sensors.cpp:(.text+0x1d3): undefined reference to `ros::console::initialize()'
sensors.cpp:(.text+0x22c): undefined reference to `ros::console::initializeLogLocation(ros::console::LogLocation*, std::__cxx11::basic_string<char, std::char_traits<char>, std::allocator<char> > const&, ros::console::levels::Level)'
sensors.cpp:(.text+0x26f): undefined reference to `ros::console::setLogLocationLevel(ros::console::LogLocation*, ros::console::levels::Level)'
sensors.cpp:(.text+0x27b): undefined reference to `ros::console::checkLogLocationEnabled(ros::console::LogLocation*)'
sensors.cpp:(.text+0x2ed): undefined reference to `ros::console::print(ros::console::FilterBase*, void*, ros::console::levels::Level, char const*, int, char const*, char const*, ...)'
sensors.cpp:(.text+0x2f6): undefined reference to `ros::spinOnce()'
sensors.cpp:(.text+0x34b): undefined reference to `ros::NodeHandle::~NodeHandle()'
sensors.cpp:(.text+0x410): undefined reference to `ros::NodeHandle::~NodeHandle()'
collect2: error: ld returned 1 exit status
make[2]: *** [/home/mivia/EserciziRobotica/Robotica/WS_CONTROLLER_SENSORS/devel/.private/controller_sensors/lib/controller_sensors/sensors] Error 1
make[1]: *** [CMakeFiles/sensors.dir/all] Error 2
make: *** [all] Error 2
